Arguments: 
  /Users/hotread/.nvm/versions/node/v9.6.1/bin/node /Users/hotread/.nvm/versions/node/v5.7.0/lib/node_modules/yarn/bin/yarn.js run start

PATH: 
  /Users/hotread/.nvm/versions/node/v5.7.0/bin:/usr/local/bin:/usr/bin:/bin:/usr/sbin:/sbin:/Applications/Wireshark.app/Contents/MacOS:/Users/hotread/work/soft/android/tools:/Users/hotread/work/soft/android/platform-tool:/opt/sshpass/bin:/Users/hotread/Downloads/apache-maven-3.5.2/bin

Yarn version: 
  1.5.1

Node version: 
  9.6.1

Platform: 
  darwin x64

npm manifest: 
  {
    "name": "myapp",
    "version": "0.0.0",
    "private": true,
    "scripts": {
      "start": "node ./bin/www"
    },
    "dependencies": {
      "body-parser": "~1.17.1",
      "cheerio": "^1.0.0-rc.2",
      "cookie-parser": "~1.4.3",
      "debug": "~2.6.3",
      "express": "~4.15.2",
      "express-ws": "^3.0.0",
      "formstream": "^1.1.0",
      "ftp": "^0.3.10",
      "jade": "~1.11.0",
      "moment": "^2.20.1",
      "mongoose": "^5.0.4",
      "morgan": "~1.8.1",
      "multiparty": "^4.1.3",
      "node-schedule": "^1.2.5",
      "node-uuid": "^1.4.8",
      "node-xlsx": "^0.7.4",
      "redis": "^2.8.0",
      "request": "^2.83.0",
      "serve-favicon": "~2.4.2",
      "sha1": "^1.1.1",
      "socket.io": "^2.0.4",
      "ws": "^3.3.3"
    }
  }

yarn manifest: 
  No manifest

Lockfile: 
  # THIS IS AN AUTOGENERATED FILE. DO NOT EDIT THIS FILE DIRECTLY.
  # yarn lockfile v1
  
  
  accepts@~1.3.3:
    version "1.3.4"
    resolved "http://registry.npm.taobao.org/accepts/download/accepts-1.3.4.tgz#86246758c7dd6d21a6474ff084a4740ec05eb21f"
    dependencies:
      mime-types "~2.1.16"
      negotiator "0.6.1"
  
  acorn-globals@^1.0.3:
    version "1.0.9"
    resolved "http://registry.npm.taobao.org/acorn-globals/download/acorn-globals-1.0.9.tgz#55bb5e98691507b74579d0513413217c380c54cf"
    dependencies:
      acorn "^2.1.0"
  
  acorn@^1.0.1:
    version "1.2.2"
    resolved "http://registry.npm.taobao.org/acorn/download/acorn-1.2.2.tgz#c8ce27de0acc76d896d2b1fad3df588d9e82f014"
  
  acorn@^2.1.0:
    version "2.7.0"
    resolved "http://registry.npm.taobao.org/acorn/download/acorn-2.7.0.tgz#ab6e7d9d886aaca8b085bc3312b79a198433f0e7"
  
  adler-32@:
    version "1.1.0"
    resolved "http://registry.npm.taobao.org/adler-32/download/adler-32-1.1.0.tgz#03551a5c7f0edfbd4fc8fa12a6814978eab651c3"
    dependencies:
      exit-on-epipe "~1.0.1"
      printj "~1.1.0"
  
  align-text@^0.1.1, align-text@^0.1.3:
    version "0.1.4"
    resolved "http://registry.npm.taobao.org/align-text/download/align-text-0.1.4.tgz#0cd90a561093f35d0a99256c22b7069433fad117"
    dependencies:
      kind-of "^3.0.2"
      longest "^1.0.1"
      repeat-string "^1.5.2"
  
  amdefine@>=0.0.4:
    version "1.0.1"
    resolved "http://registry.npm.taobao.org/amdefine/download/amdefine-1.0.1.tgz#4a5282ac164729e93619bcfd3ad151f817ce91f5"
  
  array-flatten@1.1.1:
    version "1.1.1"
    resolved "http://registry.npm.taobao.org/array-flatten/download/array-flatten-1.1.1.tgz#9a5f699051b1e7073328f2a008968b64ea2955d2"
  
  asap@~1.0.0:
    version "1.0.0"
    resolved "http://registry.npm.taobao.org/asap/download/asap-1.0.0.tgz#b2a45da5fdfa20b0496fc3768cc27c12fa916a7d"
  
  basic-auth@~1.1.0:
    version "1.1.0"
    resolved "http://registry.npm.taobao.org/basic-auth/download/basic-auth-1.1.0.tgz#45221ee429f7ee1e5035be3f51533f1cdfd29884"
  
  body-parser@~1.17.1:
    version "1.17.2"
    resolved "http://registry.npm.taobao.org/body-parser/download/body-parser-1.17.2.tgz#f8892abc8f9e627d42aedafbca66bf5ab99104ee"
    dependencies:
      bytes "2.4.0"
      content-type "~1.0.2"
      debug "2.6.7"
      depd "~1.1.0"
      http-errors "~1.6.1"
      iconv-lite "0.4.15"
      on-finished "~2.3.0"
      qs "6.4.0"
      raw-body "~2.2.0"
      type-is "~1.6.15"
  
  bytes@2.4.0:
    version "2.4.0"
    resolved "http://registry.npm.taobao.org/bytes/download/bytes-2.4.0.tgz#7d97196f9d5baf7f6935e25985549edd2a6c2339"
  
  camelcase@^1.0.2:
    version "1.2.1"
    resolved "http://registry.npm.taobao.org/camelcase/download/camelcase-1.2.1.tgz#9bb5304d2e0b56698b2c758b08a3eaa9daa58a39"
  
  center-align@^0.1.1:
    version "0.1.3"
    resolved "http://registry.npm.taobao.org/center-align/download/center-align-0.1.3.tgz#aa0d32629b6ee972200411cbd4461c907bc2b7ad"
    dependencies:
      align-text "^0.1.3"
      lazy-cache "^1.0.3"
  
  cfb@~0.11.0:
    version "0.11.1"
    resolved "http://registry.npm.taobao.org/cfb/download/cfb-0.11.1.tgz#a96db8f272a6c3fb99dbbb23ef41223f48be1ea7"
    dependencies:
      commander ""
  
  character-parser@1.2.1:
    version "1.2.1"
    resolved "http://registry.npm.taobao.org/character-parser/download/character-parser-1.2.1.tgz#c0dde4ab182713b919b970959a123ecc1a30fcd6"
  
  "charenc@>= 0.0.1":
    version "0.0.2"
    resolved "http://registry.npm.taobao.org/charenc/download/charenc-0.0.2.tgz#c0a1d2f3a7092e03774bfa83f14c0fc5790a8667"
  
  clean-css@^3.1.9:
    version "3.4.28"
    resolved "http://registry.npm.taobao.org/clean-css/download/clean-css-3.4.28.tgz#bf1945e82fc808f55695e6ddeaec01400efd03ff"
    dependencies:
      commander "2.8.x"
      source-map "0.4.x"
  
  cliui@^2.1.0:
    version "2.1.0"
    resolved "http://registry.npm.taobao.org/cliui/download/cliui-2.1.0.tgz#4b475760ff80264c762c3a1719032e91c7fea0d1"
    dependencies:
      center-align "^0.1.1"
      right-align "^0.1.1"
      wordwrap "0.0.2"
  
  codepage@:
    version "1.11.0"
    resolved "http://registry.npm.taobao.org/codepage/download/codepage-1.11.0.tgz#1076095b9f03b5ca04f43873fa1a627742285de2"
    dependencies:
      commander "~2.11.0"
      exit-on-epipe "~1.0.1"
      voc "~1.0.0"
  
  colors@0.6.2:
    version "0.6.2"
    resolved "http://registry.npm.taobao.org/colors/download/colors-0.6.2.tgz#2423fe6678ac0c5dae8852e5d0e5be08c997abcc"
  
  commander@, commander@~2.11.0:
    version "2.11.0"
    resolved "http://registry.npm.taobao.org/commander/download/commander-2.11.0.tgz#157152fd1e7a6c8d98a5b715cf376df928004563"
  
  commander@2.8.x:
    version "2.8.1"
    resolved "http://registry.npm.taobao.org/commander/download/commander-2.8.1.tgz#06be367febfda0c330aa1e2a072d3dc9762425d4"
    dependencies:
      graceful-readlink ">= 1.0.0"
  
  commander@~2.6.0:
    version "2.6.0"
    resolved "http://registry.npm.taobao.org/commander/download/commander-2.6.0.tgz#9df7e52fb2a0cb0fb89058ee80c3104225f37e1d"
  
  constantinople@~3.0.1:
    version "3.0.2"
    resolved "http://registry.npm.taobao.org/constantinople/download/constantinople-3.0.2.tgz#4b945d9937907bcd98ee575122c3817516544141"
    dependencies:
      acorn "^2.1.0"
  
  content-disposition@0.5.2:
    version "0.5.2"
    resolved "http://registry.npm.taobao.org/content-disposition/download/content-disposition-0.5.2.tgz#0cf68bb9ddf5f2be7961c3a85178cb85dba78cb4"
  
  content-type@~1.0.2:
    version "1.0.2"
    resolved "http://registry.npm.taobao.org/content-type/download/content-type-1.0.2.tgz#b7d113aee7a8dd27bd21133c4dc2529df1721eed"
  
  cookie-parser@~1.4.3:
    version "1.4.3"
    resolved "http://registry.npm.taobao.org/cookie-parser/download/cookie-parser-1.4.3.tgz#0fe31fa19d000b95f4aadf1f53fdc2b8a203baa5"
    dependencies:
      cookie "0.3.1"
      cookie-signature "1.0.6"
  
  cookie-signature@1.0.6:
    version "1.0.6"
    resolved "http://registry.npm.taobao.org/cookie-signature/download/cookie-signature-1.0.6.tgz#e303a882b342cc3ee8ca513a79999734dab3ae2c"
  
  cookie@0.3.1:
    version "0.3.1"
    resolved "http://registry.npm.taobao.org/cookie/download/cookie-0.3.1.tgz#e7e0a1f9ef43b4c8ba925c5c5a96e806d16873bb"
  
  crc-32@:
    version "1.1.0"
    resolved "http://registry.npm.taobao.org/crc-32/download/crc-32-1.1.0.tgz#301ef4a1c2217adc8463b6e6e96c4e44310e10c7"
    dependencies:
      exit-on-epipe "~1.0.1"
      printj "~1.1.0"
  
  "crypt@>= 0.0.1":
    version "0.0.2"
    resolved "http://registry.npm.taobao.org/crypt/download/crypt-0.0.2.tgz#88d7ff7ec0dfb86f713dc87bbb42d044d3e6c41b"
  
  css-parse@1.0.4:
    version "1.0.4"
    resolved "http://registry.npm.taobao.org/css-parse/download/css-parse-1.0.4.tgz#38b0503fbf9da9f54e9c1dbda60e145c77117bdd"
  
  css-stringify@1.0.5:
    version "1.0.5"
    resolved "http://registry.npm.taobao.org/css-stringify/download/css-stringify-1.0.5.tgz#b0d042946db2953bb9d292900a6cb5f6d0122031"
  
  css@~1.0.8:
    version "1.0.8"
    resolved "http://registry.npm.taobao.org/css/download/css-1.0.8.tgz#9386811ca82bccc9ee7fb5a732b1e2a317c8a3e7"
    dependencies:
      css-parse "1.0.4"
      css-stringify "1.0.5"
  
  debug@2.6.7:
    version "2.6.7"
    resolved "http://registry.npm.taobao.org/debug/download/debug-2.6.7.tgz#92bad1f6d05bbb6bba22cca88bcd0ec894c2861e"
    dependencies:
      ms "2.0.0"
  
  debug@2.6.8, debug@~2.6.3:
    version "2.6.8"
    resolved "http://registry.npm.taobao.org/debug/download/debug-2.6.8.tgz#e731531ca2ede27d188222427da17821d68ff4fc"
    dependencies:
      ms "2.0.0"
  
  decamelize@^1.0.0:
    version "1.2.0"
    resolved "http://registry.npm.taobao.org/decamelize/download/decamelize-1.2.0.tgz#f6534d15148269b20352e7bee26f501f9a191290"
  
  depd@1.1.1, depd@~1.1.0, depd@~1.1.1:
    version "1.1.1"
    resolved "http://registry.npm.taobao.org/depd/download/depd-1.1.1.tgz#5783b4e1c459f06fa5ca27f991f3d06e7a310359"
  
  destroy@~1.0.4:
    version "1.0.4"
    resolved "http://registry.npm.taobao.org/destroy/download/destroy-1.0.4.tgz#978857442c44749e4206613e37946205826abd80"
  
  double-ended-queue@^2.1.0-0:
    version "2.1.0-0"
    resolved "http://registry.npm.taobao.org/double-ended-queue/download/double-ended-queue-2.1.0-0.tgz#103d3527fd31528f40188130c841efdd78264e5c"
  
  ee-first@1.1.1:
    version "1.1.1"
    resolved "http://registry.npm.taobao.org/ee-first/download/ee-first-1.1.1.tgz#590c61156b0ae2f4f0255732a158b266bc56b21d"
  
  encodeurl@~1.0.1:
    version "1.0.1"
    resolved "http://registry.npm.taobao.org/encodeurl/download/encodeurl-1.0.1.tgz#79e3d58655346909fe6f0f45a5de68103b294d20"
  
  escape-html@~1.0.3:
    version "1.0.3"
    resolved "http://registry.npm.taobao.org/escape-html/download/escape-html-1.0.3.tgz#0258eae4d3d0c0974de1c169188ef0051d1d1988"
  
  etag@~1.8.0:
    version "1.8.0"
    resolved "http://registry.npm.taobao.org/etag/download/etag-1.8.0.tgz#6f631aef336d6c46362b51764044ce216be3c051"
  
  exit-on-epipe@, exit-on-epipe@~1.0.1:
    version "1.0.1"
    resolved "http://registry.npm.taobao.org/exit-on-epipe/download/exit-on-epipe-1.0.1.tgz#0bdd92e87d5285d267daa8171d0eb06159689692"
  
  express@~4.15.2:
    version "4.15.4"
    resolved "http://registry.npm.taobao.org/express/download/express-4.15.4.tgz#032e2253489cf8fce02666beca3d11ed7a2daed1"
    dependencies:
      accepts "~1.3.3"
      array-flatten "1.1.1"
      content-disposition "0.5.2"
      content-type "~1.0.2"
      cookie "0.3.1"
      cookie-signature "1.0.6"
      debug "2.6.8"
      depd "~1.1.1"
      encodeurl "~1.0.1"
      escape-html "~1.0.3"
      etag "~1.8.0"
      finalhandler "~1.0.4"
      fresh "0.5.0"
      merge-descriptors "1.0.1"
      methods "~1.1.2"
      on-finished "~2.3.0"
      parseurl "~1.3.1"
      path-to-regexp "0.1.7"
      proxy-addr "~1.1.5"
      qs "6.5.0"
      range-parser "~1.2.0"
      send "0.15.4"
      serve-static "1.12.4"
      setprototypeof "1.0.3"
      statuses "~1.3.1"
      type-is "~1.6.15"
      utils-merge "1.0.0"
      vary "~1.1.1"
  
  finalhandler@~1.0.4:
    version "1.0.4"
    resolved "http://registry.npm.taobao.org/finalhandler/download/finalhandler-1.0.4.tgz#18574f2e7c4b98b8ae3b230c21f201f31bdb3fb7"
    dependencies:
      debug "2.6.8"
      encodeurl "~1.0.1"
      escape-html "~1.0.3"
      on-finished "~2.3.0"
      parseurl "~1.3.1"
      statuses "~1.3.1"
      unpipe "~1.0.0"
  
  forwarded@~0.1.0:
    version "0.1.0"
    resolved "http://registry.npm.taobao.org/forwarded/download/forwarded-0.1.0.tgz#19ef9874c4ae1c297bcf078fde63a09b66a84363"
  
  frac@0.3.1:
    version "0.3.1"
    resolved "http://registry.npm.taobao.org/frac/download/frac-0.3.1.tgz#577677b7fdcbe6faf7c461f1801d34137cda4354"
  
  fresh@0.5.0:
    version "0.5.0"
    resolved "http://registry.npm.taobao.org/fresh/download/fresh-0.5.0.tgz#f474ca5e6a9246d6fd8e0953cfa9b9c805afa78e"
  
  "graceful-readlink@>= 1.0.0":
    version "1.0.1"
    resolved "http://registry.npm.taobao.org/graceful-readlink/download/graceful-readlink-1.0.1.tgz#4cafad76bc62f02fa039b2f94e9a3dd3a391a725"
  
  http-errors@~1.6.1, http-errors@~1.6.2:
    version "1.6.2"
    resolved "http://registry.npm.taobao.org/http-errors/download/http-errors-1.6.2.tgz#0a002cc85707192a7e7946ceedc11155f60ec736"
    dependencies:
      depd "1.1.1"
      inherits "2.0.3"
      setprototypeof "1.0.3"
      statuses ">= 1.3.1 < 2"
  
  iconv-lite@0.4.15:
    version "0.4.15"
    resolved "http://registry.npm.taobao.org/iconv-lite/download/iconv-lite-0.4.15.tgz#fe265a218ac6a57cfe854927e9d04c19825eddeb"
  
  inherits@2.0.3:
    version "2.0.3"
    resolved "http://registry.npm.taobao.org/inherits/download/inherits-2.0.3.tgz#633c2c83e3da42a502f52466022480f4208261de"
  
  ipaddr.js@1.4.0:
    version "1.4.0"
    resolved "http://registry.npm.taobao.org/ipaddr.js/download/ipaddr.js-1.4.0.tgz#296aca878a821816e5b85d0a285a99bcff4582f0"
  
  is-buffer@^1.1.5:
    version "1.1.5"
    resolved "http://registry.npm.taobao.org/is-buffer/download/is-buffer-1.1.5.tgz#1f3b26ef613b214b88cbca23cc6c01d87961eecc"
  
  is-promise@^2.0.0:
    version "2.1.0"
    resolved "http://registry.npm.taobao.org/is-promise/download/is-promise-2.1.0.tgz#79a2a9ece7f096e80f36d2b2f3bc16c1ff4bf3fa"
  
  is-promise@~1:
    version "1.0.1"
    resolved "http://registry.npm.taobao.org/is-promise/download/is-promise-1.0.1.tgz#31573761c057e33c2e91aab9e96da08cefbe76e5"
  
  jade@~1.11.0:
    version "1.11.0"
    resolved "http://registry.npm.taobao.org/jade/download/jade-1.11.0.tgz#9c80e538c12d3fb95c8d9bb9559fa0cc040405fd"
    dependencies:
      character-parser "1.2.1"
      clean-css "^3.1.9"
      commander "~2.6.0"
      constantinople "~3.0.1"
      jstransformer "0.0.2"
      mkdirp "~0.5.0"
      transformers "2.1.0"
      uglify-js "^2.4.19"
      void-elements "~2.0.1"
      with "~4.0.0"
  
  jstransformer@0.0.2:
    version "0.0.2"
    resolved "http://registry.npm.taobao.org/jstransformer/download/jstransformer-0.0.2.tgz#7aae29a903d196cfa0973d885d3e47947ecd76ab"
    dependencies:
      is-promise "^2.0.0"
      promise "^6.0.1"
  
  kind-of@^3.0.2:
    version "3.2.2"
    resolved "http://registry.npm.taobao.org/kind-of/download/kind-of-3.2.2.tgz#31ea21a734bab9bbb0f32466d893aea51e4a3c64"
    dependencies:
      is-buffer "^1.1.5"
  
  lazy-cache@^1.0.3:
    version "1.0.4"
    resolved "http://registry.npm.taobao.org/lazy-cache/download/lazy-cache-1.0.4.tgz#a1d78fc3a50474cb80845d3b3b6e1da49a446e8e"
  
  longest@^1.0.1:
    version "1.0.1"
    resolved "http://registry.npm.taobao.org/longest/download/longest-1.0.1.tgz#30a0b2da38f73770e8294a0d22e6625ed77d0097"
  
  media-typer@0.3.0:
    version "0.3.0"
    resolved "http://registry.npm.taobao.org/media-typer/download/media-typer-0.3.0.tgz#8710d7af0aa626f8fffa1ce00168545263255748"
  
  merge-descriptors@1.0.1:
    version "1.0.1"
    resolved "http://registry.npm.taobao.org/merge-descriptors/download/merge-descriptors-1.0.1.tgz#b00aaa556dd8b44568150ec9d1b953f3f90cbb61"
  
  methods@~1.1.2:
    version "1.1.2"
    resolved "http://registry.npm.taobao.org/methods/download/methods-1.1.2.tgz#5529a4d67654134edcc5266656835b0f851afcee"
  
  mime-db@~1.30.0:
    version "1.30.0"
    resolved "http://registry.npm.taobao.org/mime-db/download/mime-db-1.30.0.tgz#74c643da2dd9d6a45399963465b26d5ca7d71f01"
  
  mime-types@~2.1.15, mime-types@~2.1.16:
    version "2.1.17"
    resolved "http://registry.npm.taobao.org/mime-types/download/mime-types-2.1.17.tgz#09d7a393f03e995a79f8af857b70a9e0ab16557a"
    dependencies:
      mime-db "~1.30.0"
  
  mime@1.3.4:
    version "1.3.4"
    resolved "http://registry.npm.taobao.org/mime/download/mime-1.3.4.tgz#115f9e3b6b3daf2959983cb38f149a2d40eb5d53"
  
  minimist@0.0.8:
    version "0.0.8"
    resolved "http://registry.npm.taobao.org/minimist/download/minimist-0.0.8.tgz#857fcabfc3397d2625b8228262e86aa7a011b05d"
  
  mkdirp@~0.5.0:
    version "0.5.1"
    resolved "http://registry.npm.taobao.org/mkdirp/download/mkdirp-0.5.1.tgz#30057438eac6cf7f8c4767f38648d6697d75c903"
    dependencies:
      minimist "0.0.8"
  
  morgan@~1.8.1:
    version "1.8.2"
    resolved "http://registry.npm.taobao.org/morgan/download/morgan-1.8.2.tgz#784ac7734e4a453a9c6e6e8680a9329275c8b687"
    dependencies:
      basic-auth "~1.1.0"
      debug "2.6.8"
      depd "~1.1.0"
      on-finished "~2.3.0"
      on-headers "~1.0.1"
  
  ms@2.0.0:
    version "2.0.0"
    resolved "http://registry.npm.taobao.org/ms/download/ms-2.0.0.tgz#5608aeadfc00be6c2901df5f9861788de0d597c8"
  
  negotiator@0.6.1:
    version "0.6.1"
    resolved "http://registry.npm.taobao.org/negotiator/download/negotiator-0.6.1.tgz#2b327184e8992101177b28563fb5e7102acd0ca9"
  
  node-xlsx@^0.7.4:
    version "0.7.4"
    resolved "http://registry.npm.taobao.org/node-xlsx/download/node-xlsx-0.7.4.tgz#1c3318e43b6c7ca4d01badb9f88f277a31e8a805"
    dependencies:
      xlsx "^0.8.0"
  
  on-finished@~2.3.0:
    version "2.3.0"
    resolved "http://registry.npm.taobao.org/on-finished/download/on-finished-2.3.0.tgz#20f1336481b083cd75337992a16971aa2d906947"
    dependencies:
      ee-first "1.1.1"
  
  on-headers@~1.0.1:
    version "1.0.1"
    resolved "http://registry.npm.taobao.org/on-headers/download/on-headers-1.0.1.tgz#928f5d0f470d49342651ea6794b0857c100693f7"
  
  optimist@~0.3.5:
    version "0.3.7"
    resolved "http://registry.npm.taobao.org/optimist/download/optimist-0.3.7.tgz#c90941ad59e4273328923074d2cf2e7cbc6ec0d9"
    dependencies:
      wordwrap "~0.0.2"
  
  parseurl@~1.3.1:
    version "1.3.1"
    resolved "http://registry.npm.taobao.org/parseurl/download/parseurl-1.3.1.tgz#c8ab8c9223ba34888aa64a297b28853bec18da56"
  
  path-to-regexp@0.1.7:
    version "0.1.7"
    resolved "http://registry.npm.taobao.org/path-to-regexp/download/path-to-regexp-0.1.7.tgz#df604178005f522f15eb4490e7247a1bfaa67f8c"
  
  printj@~1.1.0:
    version "1.1.0"
    resolved "http://registry.npm.taobao.org/printj/download/printj-1.1.0.tgz#85487b5e8f96763b0b4a253613bef9dd9b387e3c"
  
  promise@^6.0.1:
    version "6.1.0"
    resolved "http://registry.npm.taobao.org/promise/download/promise-6.1.0.tgz#2ce729f6b94b45c26891ad0602c5c90e04c6eef6"
    dependencies:
      asap "~1.0.0"
  
  promise@~2.0:
    version "2.0.0"
    resolved "http://registry.npm.taobao.org/promise/download/promise-2.0.0.tgz#46648aa9d605af5d2e70c3024bf59436da02b80e"
    dependencies:
      is-promise "~1"
  
  proxy-addr@~1.1.5:
    version "1.1.5"
    resolved "http://registry.npm.taobao.org/proxy-addr/download/proxy-addr-1.1.5.tgz#71c0ee3b102de3f202f3b64f608d173fcba1a918"
    dependencies:
      forwarded "~0.1.0"
      ipaddr.js "1.4.0"
  
  qs@6.4.0:
    version "6.4.0"
    resolved "http://registry.npm.taobao.org/qs/download/qs-6.4.0.tgz#13e26d28ad6b0ffaa91312cd3bf708ed351e7233"
  
  qs@6.5.0:
    version "6.5.0"
    resolved "http://registry.npm.taobao.org/qs/download/qs-6.5.0.tgz#8d04954d364def3efc55b5a0793e1e2c8b1e6e49"
  
  range-parser@~1.2.0:
    version "1.2.0"
    resolved "http://registry.npm.taobao.org/range-parser/download/range-parser-1.2.0.tgz#f49be6b487894ddc40dcc94a322f611092e00d5e"
  
  raw-body@~2.2.0:
    version "2.2.0"
    resolved "http://registry.npm.taobao.org/raw-body/download/raw-body-2.2.0.tgz#994976cf6a5096a41162840492f0bdc5d6e7fb96"
    dependencies:
      bytes "2.4.0"
      iconv-lite "0.4.15"
      unpipe "1.0.0"
  
  redis-commands@^1.2.0:
    version "1.3.1"
    resolved "http://registry.npm.taobao.org/redis-commands/download/redis-commands-1.3.1.tgz#81d826f45fa9c8b2011f4cd7a0fe597d241d442b"
  
  redis-parser@^2.6.0:
    version "2.6.0"
    resolved "http://registry.npm.taobao.org/redis-parser/download/redis-parser-2.6.0.tgz#52ed09dacac108f1a631c07e9b69941e7a19504b"
  
  redis@^2.8.0:
    version "2.8.0"
    resolved "http://registry.npm.taobao.org/redis/download/redis-2.8.0.tgz#202288e3f58c49f6079d97af7a10e1303ae14b02"
    dependencies:
      double-ended-queue "^2.1.0-0"
      redis-commands "^1.2.0"
      redis-parser "^2.6.0"
  
  repeat-string@^1.5.2:
    version "1.6.1"
    resolved "http://registry.npm.taobao.org/repeat-string/download/repeat-string-1.6.1.tgz#8dcae470e1c88abc2d600fff4a776286da75e637"
  
  right-align@^0.1.1:
    version "0.1.3"
    resolved "http://registry.npm.taobao.org/right-align/download/right-align-0.1.3.tgz#61339b722fe6a3515689210d24e14c96148613ef"
    dependencies:
      align-text "^0.1.1"
  
  safe-buffer@5.0.1:
    version "5.0.1"
    resolved "http://registry.npm.taobao.org/safe-buffer/download/safe-buffer-5.0.1.tgz#d263ca54696cd8a306b5ca6551e92de57918fbe7"
  
  send@0.15.4:
    version "0.15.4"
    resolved "http://registry.npm.taobao.org/send/download/send-0.15.4.tgz#985faa3e284b0273c793364a35c6737bd93905b9"
    dependencies:
      debug "2.6.8"
      depd "~1.1.1"
      destroy "~1.0.4"
      encodeurl "~1.0.1"
      escape-html "~1.0.3"
      etag "~1.8.0"
      fresh "0.5.0"
      http-errors "~1.6.2"
      mime "1.3.4"
      ms "2.0.0"
      on-finished "~2.3.0"
      range-parser "~1.2.0"
      statuses "~1.3.1"
  
  serve-favicon@~2.4.2:
    version "2.4.3"
    resolved "http://registry.npm.taobao.org/serve-favicon/download/serve-favicon-2.4.3.tgz#5986b17b0502642b641c21f818b1acce32025d23"
    dependencies:
      etag "~1.8.0"
      fresh "0.5.0"
      ms "2.0.0"
      parseurl "~1.3.1"
      safe-buffer "5.0.1"
  
  serve-static@1.12.4:
    version "1.12.4"
    resolved "http://registry.npm.taobao.org/serve-static/download/serve-static-1.12.4.tgz#9b6aa98eeb7253c4eedc4c1f6fdbca609901a961"
    dependencies:
      encodeurl "~1.0.1"
      escape-html "~1.0.3"
      parseurl "~1.3.1"
      send "0.15.4"
  
  setprototypeof@1.0.3:
    version "1.0.3"
    resolved "http://registry.npm.taobao.org/setprototypeof/download/setprototypeof-1.0.3.tgz#66567e37043eeb4f04d91bd658c0cbefb55b8e04"
  
  sha1@^1.1.1:
    version "1.1.1"
    resolved "http://registry.npm.taobao.org/sha1/download/sha1-1.1.1.tgz#addaa7a93168f393f19eb2b15091618e2700f848"
    dependencies:
      charenc ">= 0.0.1"
      crypt ">= 0.0.1"
  
  source-map@0.4.x:
    version "0.4.4"
    resolved "http://registry.npm.taobao.org/source-map/download/source-map-0.4.4.tgz#eba4f5da9c0dc999de68032d8b4f76173652036b"
    dependencies:
      amdefine ">=0.0.4"
  
  source-map@~0.1.7:
    version "0.1.43"
    resolved "http://registry.npm.taobao.org/source-map/download/source-map-0.1.43.tgz#c24bc146ca517c1471f5dacbe2571b2b7f9e3346"
    dependencies:
      amdefine ">=0.0.4"
  
  source-map@~0.5.1:
    version "0.5.7"
    resolved "http://registry.npm.taobao.org/source-map/download/source-map-0.5.7.tgz#8a039d2d1021d22d1ea14c80d8ea468ba2ef3fcc"
  
  ssf@~0.8.1:
    version "0.8.2"
    resolved "http://registry.npm.taobao.org/ssf/download/ssf-0.8.2.tgz#b9d4dc6a1c1bcf76f8abfa96d7d7656fb2abecd6"
    dependencies:
      colors "0.6.2"
      frac "0.3.1"
      voc ""
  
  "statuses@>= 1.3.1 < 2", statuses@~1.3.1:
    version "1.3.1"
    resolved "http://registry.npm.taobao.org/statuses/download/statuses-1.3.1.tgz#faf51b9eb74aaef3b3acf4ad5f61abf24cb7b93e"
  
  transformers@2.1.0:
    version "2.1.0"
    resolved "http://registry.npm.taobao.org/transformers/download/transformers-2.1.0.tgz#5d23cb35561dd85dc67fb8482309b47d53cce9a7"
    dependencies:
      css "~1.0.8"
      promise "~2.0"
      uglify-js "~2.2.5"
  
  type-is@~1.6.15:
    version "1.6.15"
    resolved "http://registry.npm.taobao.org/type-is/download/type-is-1.6.15.tgz#cab10fb4909e441c82842eafe1ad646c81804410"
    dependencies:
      media-typer "0.3.0"
      mime-types "~2.1.15"
  
  uglify-js@^2.4.19:
    version "2.8.29"
    resolved "http://registry.npm.taobao.org/uglify-js/download/uglify-js-2.8.29.tgz#29c5733148057bb4e1f75df35b7a9cb72e6a59dd"
    dependencies:
      source-map "~0.5.1"
      yargs "~3.10.0"
    optionalDependencies:
      uglify-to-browserify "~1.0.0"
  
  uglify-js@~2.2.5:
    version "2.2.5"
    resolved "http://registry.npm.taobao.org/uglify-js/download/uglify-js-2.2.5.tgz#a6e02a70d839792b9780488b7b8b184c095c99c7"
    dependencies:
      optimist "~0.3.5"
      source-map "~0.1.7"
  
  uglify-to-browserify@~1.0.0:
    version "1.0.2"
    resolved "http://registry.npm.taobao.org/uglify-to-browserify/download/uglify-to-browserify-1.0.2.tgz#6e0924d6bda6b5afe349e39a6d632850a0f882b7"
  
  unpipe@1.0.0, unpipe@~1.0.0:
    version "1.0.0"
    resolved "http://registry.npm.taobao.org/unpipe/download/unpipe-1.0.0.tgz#b2bf4ee8514aae6165b4817829d21b2ef49904ec"
  
  utils-merge@1.0.0:
    version "1.0.0"
    resolved "http://registry.npm.taobao.org/utils-merge/download/utils-merge-1.0.0.tgz#0294fb922bb9375153541c4f7096231f287c8af8"
  
  vary@~1.1.1:
    version "1.1.1"
    resolved "http://registry.npm.taobao.org/vary/download/vary-1.1.1.tgz#67535ebb694c1d52257457984665323f587e8d37"
  
  voc@, voc@~1.0.0:
    version "1.0.0"
    resolved "http://registry.npm.taobao.org/voc/download/voc-1.0.0.tgz#5465c0ce11d0881f7d8e36d8ca587043f33a25ae"
  
  void-elements@~2.0.1:
    version "2.0.1"
    resolved "http://registry.npm.taobao.org/void-elements/download/void-elements-2.0.1.tgz#c066afb582bb1cb4128d60ea92392e94d5e9dbec"
  
  window-size@0.1.0:
    version "0.1.0"
    resolved "http://registry.npm.taobao.org/window-size/download/window-size-0.1.0.tgz#5438cd2ea93b202efa3a19fe8887aee7c94f9c9d"
  
  with@~4.0.0:
    version "4.0.3"
    resolved "http://registry.npm.taobao.org/with/download/with-4.0.3.tgz#eefd154e9e79d2c8d3417b647a8f14d9fecce14e"
    dependencies:
      acorn "^1.0.1"
      acorn-globals "^1.0.3"
  
  wordwrap@0.0.2:
    version "0.0.2"
    resolved "http://registry.npm.taobao.org/wordwrap/download/wordwrap-0.0.2.tgz#b79669bb42ecb409f83d583cad52ca17eaa1643f"
  
  wordwrap@~0.0.2:
    version "0.0.3"
    resolved "http://registry.npm.taobao.org/wordwrap/download/wordwrap-0.0.3.tgz#a3d5da6cd5c0bc0008d37234bbaf1bed63059107"
  
  xlsx@^0.8.0:
    version "0.8.8"
    resolved "http://registry.npm.taobao.org/xlsx/download/xlsx-0.8.8.tgz#b92d76e0b5e4f060c9208d4b744756510443853a"
    dependencies:
      adler-32 ""
      cfb "~0.11.0"
      codepage ""
      commander ""
      crc-32 ""
      exit-on-epipe ""
      ssf "~0.8.1"
  
  yargs@~3.10.0:
    version "3.10.0"
    resolved "http://registry.npm.taobao.org/yargs/download/yargs-3.10.0.tgz#f7ee7bd857dd7c1d2d38c0e74efbd681d1431fd1"
    dependencies:
      camelcase "^1.0.2"
      cliui "^2.1.0"
      decamelize "^1.0.0"
      window-size "0.1.0"

Trace: 
  Error: Command failed.
  Exit code: 1
  Command: sh
  Arguments: -c node ./bin/www
  Directory: /Users/hotread/work/learn/laboratory/wx/WXAPI
  Output:
  
      at ProcessTermError.MessageError (/Users/hotread/.nvm/versions/node/v5.7.0/lib/node_modules/yarn/lib/cli.js:186:110)
      at new ProcessTermError (/Users/hotread/.nvm/versions/node/v5.7.0/lib/node_modules/yarn/lib/cli.js:226:113)
      at ChildProcess.<anonymous> (/Users/hotread/.nvm/versions/node/v5.7.0/lib/node_modules/yarn/lib/cli.js:30281:17)
      at ChildProcess.emit (events.js:127:13)
      at maybeClose (internal/child_process.js:933:16)
      at Process.ChildProcess._handle.onexit (internal/child_process.js:220:5)
